c:\spo_labs\winv\x64\debug\vc143.pdb
c:\spo_labs\winv\x64\debug\vc143.idb
c:\spo_labs\winv\x64\debug\treestructure.obj
c:\spo_labs\winv\x64\debug\main.obj
c:\spo_labs\winv\x64\debug\cfg.obj
c:\spo_labs\winv\x64\debug\labgrammparser.obj
c:\spo_labs\winv\x64\debug\labgrammlexer.obj
c:\users\ap-ip\onedrive\рабочий стол\itmo\spo_labs\x64\debug\winv.exe
c:\users\ap-ip\onedrive\рабочий стол\itmo\spo_labs\x64\debug\winv.pdb
c:\spo_labs\x64\debug\winv.exe
c:\spo_labs\x64\debug\winv.pdb
c:\spo_labs\x64\debug\winv.lib
c:\spo_labs\x64\debug\winv.exp
c:\spo_labs\winv\x64\debug\winv.ilk
c:\spo_labs\winv\x64\debug\winv.tlog\cl.command.1.tlog
c:\spo_labs\winv\x64\debug\winv.tlog\cl.items.tlog
c:\spo_labs\winv\x64\debug\winv.tlog\cl.read.1.tlog
c:\spo_labs\winv\x64\debug\winv.tlog\cl.write.1.tlog
c:\spo_labs\winv\x64\debug\winv.tlog\link.command.1.tlog
c:\spo_labs\winv\x64\debug\winv.tlog\link.read.1.tlog
c:\spo_labs\winv\x64\debug\winv.tlog\link.secondary.1.tlog
c:\spo_labs\winv\x64\debug\winv.tlog\link.write.1.tlog
