c:\users\ap-ip\onedrive\рабочий стол\itmo\spo\lab1\c\x64\release\antlr3baserecognizer.obj
c:\users\ap-ip\onedrive\рабочий стол\itmo\spo\lab1\c\x64\release\antlr3basetree.obj
c:\users\ap-ip\onedrive\рабочий стол\itmo\spo\lab1\c\x64\release\antlr3basetreeadaptor.obj
c:\users\ap-ip\onedrive\рабочий стол\itmo\spo\lab1\c\x64\release\antlr3bitset.obj
c:\users\ap-ip\onedrive\рабочий стол\itmo\spo\lab1\c\x64\release\antlr3commontoken.obj
c:\users\ap-ip\onedrive\рабочий стол\itmo\spo\lab1\c\x64\release\antlr3commontree.obj
c:\users\ap-ip\onedrive\рабочий стол\itmo\spo\lab1\c\x64\release\antlr3commontreeadaptor.obj
c:\users\ap-ip\onedrive\рабочий стол\itmo\spo\lab1\c\x64\release\antlr3commontreenodestream.obj
c:\users\ap-ip\onedrive\рабочий стол\itmo\spo\lab1\c\x64\release\antlr3convertutf.obj
c:\users\ap-ip\onedrive\рабочий стол\itmo\spo\lab1\c\x64\release\antlr3cyclicdfa.obj
c:\users\ap-ip\onedrive\рабочий стол\itmo\spo\lab1\c\x64\release\antlr3debughandlers.obj
c:\users\ap-ip\onedrive\рабочий стол\itmo\spo\lab1\c\x64\release\antlr3encodings.obj
c:\users\ap-ip\onedrive\рабочий стол\itmo\spo\lab1\c\x64\release\antlr3exception.obj
c:\users\ap-ip\onedrive\рабочий стол\itmo\spo\lab1\c\x64\release\antlr3filestream.obj
c:\users\ap-ip\onedrive\рабочий стол\itmo\spo\lab1\c\x64\release\antlr3inputstream.obj
c:\users\ap-ip\onedrive\рабочий стол\itmo\spo\lab1\c\x64\release\antlr3intstream.obj
c:\users\ap-ip\onedrive\рабочий стол\itmo\spo\lab1\c\x64\release\antlr3lexer.obj
c:\users\ap-ip\onedrive\рабочий стол\itmo\spo\lab1\c\x64\release\antlr3parser.obj
c:\users\ap-ip\onedrive\рабочий стол\itmo\spo\lab1\c\x64\release\antlr3rewritestreams.obj
c:\users\ap-ip\onedrive\рабочий стол\itmo\spo\lab1\c\x64\release\antlr3string.obj
c:\users\ap-ip\onedrive\рабочий стол\itmo\spo\lab1\c\x64\release\antlr3tokenstream.obj
c:\users\ap-ip\onedrive\рабочий стол\itmo\spo\lab1\c\x64\release\antlr3treeparser.obj
c:\users\ap-ip\onedrive\рабочий стол\itmo\spo\lab1\c\x64\release\c.pdb
c:\users\ap-ip\onedrive\рабочий стол\itmo\spo\lab1\c\x64\release\c.tlog\cl.command.1.tlog
