  labgrammLexer.c
C:\SPO_labs\LinuxV\antlr\labgrammLexer.h(237,13): error C1083: Cannot open include file: 'antlr3.h': No such file or directory
  labgrammParser.c
  (compiling source file '../LinuxV/antlr/labgrammLexer.c')
  
C:\SPO_labs\LinuxV\antlr\labgrammParser.h(224,13): error C1083: Cannot open include file: 'antlr3.h': No such file or directory
  (compiling source file '../LinuxV/antlr/labgrammParser.c')
  
  callGraph.c
C:\SPO_labs\LinuxV\antlr\labgrammLexer.h(237,13): error C1083: Cannot open include file: 'antlr3.h': No such file or directory
  (compiling source file '../LinuxV/callGraph.c')
  
  cfg.c
C:\SPO_labs\LinuxV\antlr\labgrammLexer.h(237,13): error C1083: Cannot open include file: 'antlr3.h': No such file or directory
  (compiling source file '../LinuxV/cfg.c')
  
  main.c
C:\SPO_labs\LinuxV\antlr\labgrammLexer.h(237,13): error C1083: Cannot open include file: 'antlr3.h': No such file or directory
  (compiling source file '../LinuxV/main.c')
  
  model.c
C:\SPO_labs\LinuxV\antlr\labgrammLexer.h(237,13): error C1083: Cannot open include file: 'antlr3.h': No such file or directory
  (compiling source file '../LinuxV/model.c')
  
  OpTree.c
C:\SPO_labs\LinuxV\antlr\labgrammLexer.h(237,13): error C1083: Cannot open include file: 'antlr3.h': No such file or directory
  (compiling source file '../LinuxV/OpTree.c')
  
  treeStructure.c
C:\SPO_labs\LinuxV\antlr\labgrammLexer.h(237,13): error C1083: Cannot open include file: 'antlr3.h': No such file or directory
  (compiling source file '../LinuxV/treeStructure.c')
  
  Generating Code...
