c:\users\ap-ip\onedrive\рабочий стол\itmo\spo\lab1\c\x64\debugdll\vc143.pdb
c:\users\ap-ip\onedrive\рабочий стол\itmo\spo\lab1\c\x64\debugdll\antlr3baserecognizer.sbr
c:\users\ap-ip\onedrive\рабочий стол\itmo\spo\lab1\c\x64\debugdll\antlr3basetree.sbr
c:\users\ap-ip\onedrive\рабочий стол\itmo\spo\lab1\c\x64\debugdll\antlr3basetreeadaptor.sbr
c:\users\ap-ip\onedrive\рабочий стол\itmo\spo\lab1\c\x64\debugdll\antlr3bitset.sbr
c:\users\ap-ip\onedrive\рабочий стол\itmo\spo\lab1\c\x64\debugdll\antlr3collections.sbr
c:\users\ap-ip\onedrive\рабочий стол\itmo\spo\lab1\c\x64\debugdll\antlr3commontoken.sbr
c:\users\ap-ip\onedrive\рабочий стол\itmo\spo\lab1\c\x64\debugdll\antlr3commontree.sbr
c:\users\ap-ip\onedrive\рабочий стол\itmo\spo\lab1\c\x64\debugdll\antlr3commontreeadaptor.sbr
c:\users\ap-ip\onedrive\рабочий стол\itmo\spo\lab1\c\x64\debugdll\antlr3commontreenodestream.sbr
c:\users\ap-ip\onedrive\рабочий стол\itmo\spo\lab1\c\x64\debugdll\antlr3convertutf.sbr
c:\users\ap-ip\onedrive\рабочий стол\itmo\spo\lab1\c\x64\debugdll\antlr3cyclicdfa.sbr
c:\users\ap-ip\onedrive\рабочий стол\itmo\spo\lab1\c\x64\debugdll\antlr3debughandlers.sbr
c:\users\ap-ip\onedrive\рабочий стол\itmo\spo\lab1\c\x64\debugdll\antlr3encodings.sbr
c:\users\ap-ip\onedrive\рабочий стол\itmo\spo\lab1\c\x64\debugdll\antlr3exception.sbr
c:\users\ap-ip\onedrive\рабочий стол\itmo\spo\lab1\c\x64\debugdll\antlr3filestream.sbr
c:\users\ap-ip\onedrive\рабочий стол\itmo\spo\lab1\c\x64\debugdll\antlr3inputstream.sbr
c:\users\ap-ip\onedrive\рабочий стол\itmo\spo\lab1\c\x64\debugdll\antlr3intstream.sbr
c:\users\ap-ip\onedrive\рабочий стол\itmo\spo\lab1\c\x64\debugdll\antlr3lexer.sbr
c:\users\ap-ip\onedrive\рабочий стол\itmo\spo\lab1\c\x64\debugdll\antlr3parser.sbr
c:\users\ap-ip\onedrive\рабочий стол\itmo\spo\lab1\c\x64\debugdll\antlr3rewritestreams.sbr
c:\users\ap-ip\onedrive\рабочий стол\itmo\spo\lab1\c\x64\debugdll\antlr3rewritestreams.obj
c:\users\ap-ip\onedrive\рабочий стол\itmo\spo\lab1\c\x64\debugdll\antlr3rewritestreams.cod
c:\users\ap-ip\onedrive\рабочий стол\itmo\spo\lab1\c\x64\debugdll\antlr3parser.obj
c:\users\ap-ip\onedrive\рабочий стол\itmo\spo\lab1\c\x64\debugdll\antlr3parser.cod
c:\users\ap-ip\onedrive\рабочий стол\itmo\spo\lab1\c\x64\debugdll\antlr3lexer.obj
c:\users\ap-ip\onedrive\рабочий стол\itmo\spo\lab1\c\x64\debugdll\antlr3lexer.cod
c:\users\ap-ip\onedrive\рабочий стол\itmo\spo\lab1\c\x64\debugdll\antlr3intstream.obj
c:\users\ap-ip\onedrive\рабочий стол\itmo\spo\lab1\c\x64\debugdll\antlr3intstream.cod
c:\users\ap-ip\onedrive\рабочий стол\itmo\spo\lab1\c\x64\debugdll\antlr3inputstream.obj
c:\users\ap-ip\onedrive\рабочий стол\itmo\spo\lab1\c\x64\debugdll\antlr3inputstream.cod
c:\users\ap-ip\onedrive\рабочий стол\itmo\spo\lab1\c\x64\debugdll\antlr3filestream.obj
c:\users\ap-ip\onedrive\рабочий стол\itmo\spo\lab1\c\x64\debugdll\antlr3filestream.cod
c:\users\ap-ip\onedrive\рабочий стол\itmo\spo\lab1\c\x64\debugdll\antlr3exception.obj
c:\users\ap-ip\onedrive\рабочий стол\itmo\spo\lab1\c\x64\debugdll\antlr3exception.cod
c:\users\ap-ip\onedrive\рабочий стол\itmo\spo\lab1\c\x64\debugdll\antlr3encodings.obj
c:\users\ap-ip\onedrive\рабочий стол\itmo\spo\lab1\c\x64\debugdll\antlr3encodings.cod
c:\users\ap-ip\onedrive\рабочий стол\itmo\spo\lab1\c\x64\debugdll\antlr3debughandlers.obj
c:\users\ap-ip\onedrive\рабочий стол\itmo\spo\lab1\c\x64\debugdll\antlr3debughandlers.cod
c:\users\ap-ip\onedrive\рабочий стол\itmo\spo\lab1\c\x64\debugdll\antlr3cyclicdfa.obj
c:\users\ap-ip\onedrive\рабочий стол\itmo\spo\lab1\c\x64\debugdll\antlr3cyclicdfa.cod
c:\users\ap-ip\onedrive\рабочий стол\itmo\spo\lab1\c\x64\debugdll\antlr3convertutf.obj
c:\users\ap-ip\onedrive\рабочий стол\itmo\spo\lab1\c\x64\debugdll\antlr3convertutf.cod
c:\users\ap-ip\onedrive\рабочий стол\itmo\spo\lab1\c\x64\debugdll\antlr3commontreenodestream.obj
c:\users\ap-ip\onedrive\рабочий стол\itmo\spo\lab1\c\x64\debugdll\antlr3commontreenodestream.cod
c:\users\ap-ip\onedrive\рабочий стол\itmo\spo\lab1\c\x64\debugdll\antlr3commontreeadaptor.obj
c:\users\ap-ip\onedrive\рабочий стол\itmo\spo\lab1\c\x64\debugdll\antlr3commontreeadaptor.cod
c:\users\ap-ip\onedrive\рабочий стол\itmo\spo\lab1\c\x64\debugdll\antlr3commontree.obj
c:\users\ap-ip\onedrive\рабочий стол\itmo\spo\lab1\c\x64\debugdll\antlr3commontree.cod
c:\users\ap-ip\onedrive\рабочий стол\itmo\spo\lab1\c\x64\debugdll\antlr3commontoken.obj
c:\users\ap-ip\onedrive\рабочий стол\itmo\spo\lab1\c\x64\debugdll\antlr3commontoken.cod
c:\users\ap-ip\onedrive\рабочий стол\itmo\spo\lab1\c\x64\debugdll\antlr3collections.obj
c:\users\ap-ip\onedrive\рабочий стол\itmo\spo\lab1\c\x64\debugdll\antlr3collections.cod
c:\users\ap-ip\onedrive\рабочий стол\itmo\spo\lab1\c\x64\debugdll\antlr3bitset.obj
c:\users\ap-ip\onedrive\рабочий стол\itmo\spo\lab1\c\x64\debugdll\antlr3bitset.cod
c:\users\ap-ip\onedrive\рабочий стол\itmo\spo\lab1\c\x64\debugdll\antlr3basetreeadaptor.obj
c:\users\ap-ip\onedrive\рабочий стол\itmo\spo\lab1\c\x64\debugdll\antlr3basetreeadaptor.cod
c:\users\ap-ip\onedrive\рабочий стол\itmo\spo\lab1\c\x64\debugdll\antlr3basetree.obj
c:\users\ap-ip\onedrive\рабочий стол\itmo\spo\lab1\c\x64\debugdll\antlr3basetree.cod
c:\users\ap-ip\onedrive\рабочий стол\itmo\spo\lab1\c\x64\debugdll\antlr3baserecognizer.obj
c:\users\ap-ip\onedrive\рабочий стол\itmo\spo\lab1\c\x64\debugdll\antlr3baserecognizer.cod
c:\users\ap-ip\onedrive\рабочий стол\itmo\spo\lab1\c\x64\debugdll\antlr3string.sbr
c:\users\ap-ip\onedrive\рабочий стол\itmo\spo\lab1\c\x64\debugdll\antlr3tokenstream.sbr
c:\users\ap-ip\onedrive\рабочий стол\itmo\spo\lab1\c\x64\debugdll\antlr3treeparser.sbr
c:\users\ap-ip\onedrive\рабочий стол\itmo\spo\lab1\c\x64\debugdll\antlr3treeparser.obj
c:\users\ap-ip\onedrive\рабочий стол\itmo\spo\lab1\c\x64\debugdll\antlr3treeparser.cod
c:\users\ap-ip\onedrive\рабочий стол\itmo\spo\lab1\c\x64\debugdll\antlr3tokenstream.obj
c:\users\ap-ip\onedrive\рабочий стол\itmo\spo\lab1\c\x64\debugdll\antlr3tokenstream.cod
c:\users\ap-ip\onedrive\рабочий стол\itmo\spo\lab1\c\x64\debugdll\antlr3string.obj
c:\users\ap-ip\onedrive\рабочий стол\itmo\spo\lab1\c\x64\debugdll\antlr3string.cod
c:\users\ap-ip\onedrive\рабочий стол\itmo\spo\lab1\c\x64\debugdll\c.tlog\cl.command.1.tlog
c:\users\ap-ip\onedrive\рабочий стол\itmo\spo\lab1\c\x64\debugdll\c.tlog\cl.read.1.tlog
c:\users\ap-ip\onedrive\рабочий стол\itmo\spo\lab1\c\x64\debugdll\c.tlog\cl.write.1.tlog
c:\users\ap-ip\onedrive\рабочий стол\itmo\spo\lab1\c\x64\debugdll\c.tlog\link.command.1.tlog
c:\users\ap-ip\onedrive\рабочий стол\itmo\spo\lab1\c\x64\debugdll\c.tlog\link.read.1.tlog
