c:\users\ap-ip\onedrive\рабочий стол\itmo\spo_labs\c\x64\debug\c.bsc
c:\users\ap-ip\onedrive\рабочий стол\itmo\spo_labs\c\x64\debug\c.pdb
c:\users\ap-ip\onedrive\рабочий стол\itmo\spo_labs\c\x64\debug\antlr3baserecognizer.sbr
c:\users\ap-ip\onedrive\рабочий стол\itmo\spo_labs\c\x64\debug\antlr3basetree.sbr
c:\users\ap-ip\onedrive\рабочий стол\itmo\spo_labs\c\x64\debug\antlr3basetreeadaptor.sbr
c:\users\ap-ip\onedrive\рабочий стол\itmo\spo_labs\c\x64\debug\antlr3bitset.sbr
c:\users\ap-ip\onedrive\рабочий стол\itmo\spo_labs\c\x64\debug\antlr3collections.sbr
c:\users\ap-ip\onedrive\рабочий стол\itmo\spo_labs\c\x64\debug\antlr3commontoken.sbr
c:\users\ap-ip\onedrive\рабочий стол\itmo\spo_labs\c\x64\debug\antlr3commontree.sbr
c:\users\ap-ip\onedrive\рабочий стол\itmo\spo_labs\c\x64\debug\antlr3commontreeadaptor.sbr
c:\users\ap-ip\onedrive\рабочий стол\itmo\spo_labs\c\x64\debug\antlr3commontreenodestream.sbr
c:\users\ap-ip\onedrive\рабочий стол\itmo\spo_labs\c\x64\debug\antlr3convertutf.sbr
c:\users\ap-ip\onedrive\рабочий стол\itmo\spo_labs\c\x64\debug\antlr3cyclicdfa.sbr
c:\users\ap-ip\onedrive\рабочий стол\itmo\spo_labs\c\x64\debug\antlr3debughandlers.sbr
c:\users\ap-ip\onedrive\рабочий стол\itmo\spo_labs\c\x64\debug\antlr3encodings.sbr
c:\users\ap-ip\onedrive\рабочий стол\itmo\spo_labs\c\x64\debug\antlr3exception.sbr
c:\users\ap-ip\onedrive\рабочий стол\itmo\spo_labs\c\x64\debug\antlr3filestream.sbr
c:\users\ap-ip\onedrive\рабочий стол\itmo\spo_labs\c\x64\debug\antlr3inputstream.sbr
c:\users\ap-ip\onedrive\рабочий стол\itmo\spo_labs\c\x64\debug\antlr3intstream.sbr
c:\users\ap-ip\onedrive\рабочий стол\itmo\spo_labs\c\x64\debug\antlr3lexer.sbr
c:\users\ap-ip\onedrive\рабочий стол\itmo\spo_labs\c\x64\debug\antlr3parser.sbr
c:\users\ap-ip\onedrive\рабочий стол\itmo\spo_labs\c\x64\debug\antlr3rewritestreams.sbr
c:\users\ap-ip\onedrive\рабочий стол\itmo\spo_labs\c\x64\debug\antlr3rewritestreams.obj
c:\users\ap-ip\onedrive\рабочий стол\itmo\spo_labs\c\x64\debug\antlr3rewritestreams.cod
c:\users\ap-ip\onedrive\рабочий стол\itmo\spo_labs\c\x64\debug\antlr3parser.obj
c:\users\ap-ip\onedrive\рабочий стол\itmo\spo_labs\c\x64\debug\antlr3parser.cod
c:\users\ap-ip\onedrive\рабочий стол\itmo\spo_labs\c\x64\debug\antlr3lexer.obj
c:\users\ap-ip\onedrive\рабочий стол\itmo\spo_labs\c\x64\debug\antlr3lexer.cod
c:\users\ap-ip\onedrive\рабочий стол\itmo\spo_labs\c\x64\debug\antlr3intstream.obj
c:\users\ap-ip\onedrive\рабочий стол\itmo\spo_labs\c\x64\debug\antlr3intstream.cod
c:\users\ap-ip\onedrive\рабочий стол\itmo\spo_labs\c\x64\debug\antlr3inputstream.obj
c:\users\ap-ip\onedrive\рабочий стол\itmo\spo_labs\c\x64\debug\antlr3inputstream.cod
c:\users\ap-ip\onedrive\рабочий стол\itmo\spo_labs\c\x64\debug\antlr3filestream.obj
c:\users\ap-ip\onedrive\рабочий стол\itmo\spo_labs\c\x64\debug\antlr3filestream.cod
c:\users\ap-ip\onedrive\рабочий стол\itmo\spo_labs\c\x64\debug\antlr3exception.obj
c:\users\ap-ip\onedrive\рабочий стол\itmo\spo_labs\c\x64\debug\antlr3exception.cod
c:\users\ap-ip\onedrive\рабочий стол\itmo\spo_labs\c\x64\debug\antlr3encodings.obj
c:\users\ap-ip\onedrive\рабочий стол\itmo\spo_labs\c\x64\debug\antlr3encodings.cod
c:\users\ap-ip\onedrive\рабочий стол\itmo\spo_labs\c\x64\debug\antlr3debughandlers.obj
c:\users\ap-ip\onedrive\рабочий стол\itmo\spo_labs\c\x64\debug\antlr3debughandlers.cod
c:\users\ap-ip\onedrive\рабочий стол\itmo\spo_labs\c\x64\debug\antlr3cyclicdfa.obj
c:\users\ap-ip\onedrive\рабочий стол\itmo\spo_labs\c\x64\debug\antlr3cyclicdfa.cod
c:\users\ap-ip\onedrive\рабочий стол\itmo\spo_labs\c\x64\debug\antlr3convertutf.obj
c:\users\ap-ip\onedrive\рабочий стол\itmo\spo_labs\c\x64\debug\antlr3convertutf.cod
c:\users\ap-ip\onedrive\рабочий стол\itmo\spo_labs\c\x64\debug\antlr3commontreenodestream.obj
c:\users\ap-ip\onedrive\рабочий стол\itmo\spo_labs\c\x64\debug\antlr3commontreenodestream.cod
c:\users\ap-ip\onedrive\рабочий стол\itmo\spo_labs\c\x64\debug\antlr3commontreeadaptor.obj
c:\users\ap-ip\onedrive\рабочий стол\itmo\spo_labs\c\x64\debug\antlr3commontreeadaptor.cod
c:\users\ap-ip\onedrive\рабочий стол\itmo\spo_labs\c\x64\debug\antlr3commontree.obj
c:\users\ap-ip\onedrive\рабочий стол\itmo\spo_labs\c\x64\debug\antlr3commontree.cod
c:\users\ap-ip\onedrive\рабочий стол\itmo\spo_labs\c\x64\debug\antlr3commontoken.obj
c:\users\ap-ip\onedrive\рабочий стол\itmo\spo_labs\c\x64\debug\antlr3commontoken.cod
c:\users\ap-ip\onedrive\рабочий стол\itmo\spo_labs\c\x64\debug\antlr3collections.obj
c:\users\ap-ip\onedrive\рабочий стол\itmo\spo_labs\c\x64\debug\antlr3collections.cod
c:\users\ap-ip\onedrive\рабочий стол\itmo\spo_labs\c\x64\debug\antlr3bitset.obj
c:\users\ap-ip\onedrive\рабочий стол\itmo\spo_labs\c\x64\debug\antlr3bitset.cod
c:\users\ap-ip\onedrive\рабочий стол\itmo\spo_labs\c\x64\debug\antlr3basetreeadaptor.obj
c:\users\ap-ip\onedrive\рабочий стол\itmo\spo_labs\c\x64\debug\antlr3basetreeadaptor.cod
c:\users\ap-ip\onedrive\рабочий стол\itmo\spo_labs\c\x64\debug\antlr3basetree.obj
c:\users\ap-ip\onedrive\рабочий стол\itmo\spo_labs\c\x64\debug\antlr3basetree.cod
c:\users\ap-ip\onedrive\рабочий стол\itmo\spo_labs\c\x64\debug\antlr3baserecognizer.obj
c:\users\ap-ip\onedrive\рабочий стол\itmo\spo_labs\c\x64\debug\antlr3baserecognizer.cod
c:\users\ap-ip\onedrive\рабочий стол\itmo\spo_labs\c\x64\debug\antlr3string.sbr
c:\users\ap-ip\onedrive\рабочий стол\itmo\spo_labs\c\x64\debug\antlr3tokenstream.sbr
c:\users\ap-ip\onedrive\рабочий стол\itmo\spo_labs\c\x64\debug\antlr3treeparser.sbr
c:\users\ap-ip\onedrive\рабочий стол\itmo\spo_labs\c\x64\debug\antlr3treeparser.obj
c:\users\ap-ip\onedrive\рабочий стол\itmo\spo_labs\c\x64\debug\antlr3treeparser.cod
c:\users\ap-ip\onedrive\рабочий стол\itmo\spo_labs\c\x64\debug\antlr3tokenstream.obj
c:\users\ap-ip\onedrive\рабочий стол\itmo\spo_labs\c\x64\debug\antlr3tokenstream.cod
c:\users\ap-ip\onedrive\рабочий стол\itmo\spo_labs\c\x64\debug\antlr3string.obj
c:\users\ap-ip\onedrive\рабочий стол\itmo\spo_labs\c\x64\debug\antlr3string.cod
c:\users\ap-ip\onedrive\рабочий стол\itmo\spo_labs\c\x64\debug\antlr3cd.lib
c:\users\ap-ip\onedrive\рабочий стол\itmo\spo_labs\c\x64\debug\c.tlog\bscmake.command.1.tlog
c:\users\ap-ip\onedrive\рабочий стол\itmo\spo_labs\c\x64\debug\c.tlog\bscmake.read.1.tlog
c:\users\ap-ip\onedrive\рабочий стол\itmo\spo_labs\c\x64\debug\c.tlog\bscmake.write.1.tlog
c:\users\ap-ip\onedrive\рабочий стол\itmo\spo_labs\c\x64\debug\c.tlog\cl.command.1.tlog
c:\users\ap-ip\onedrive\рабочий стол\itmo\spo_labs\c\x64\debug\c.tlog\cl.items.tlog
c:\users\ap-ip\onedrive\рабочий стол\itmo\spo_labs\c\x64\debug\c.tlog\cl.read.1.tlog
c:\users\ap-ip\onedrive\рабочий стол\itmo\spo_labs\c\x64\debug\c.tlog\cl.write.1.tlog
c:\users\ap-ip\onedrive\рабочий стол\itmo\spo_labs\c\x64\debug\c.tlog\lib-link.read.1.tlog
c:\users\ap-ip\onedrive\рабочий стол\itmo\spo_labs\c\x64\debug\c.tlog\lib-link.write.1.tlog
c:\users\ap-ip\onedrive\рабочий стол\itmo\spo_labs\c\x64\debug\c.tlog\lib.command.1.tlog
