c:\users\ap-ip\onedrive\рабочий стол\itmo\spo\lab1\c\x64\releasedll\antlr3baserecognizer.obj
c:\users\ap-ip\onedrive\рабочий стол\itmo\spo\lab1\c\x64\releasedll\antlr3basetree.obj
c:\users\ap-ip\onedrive\рабочий стол\itmo\spo\lab1\c\x64\releasedll\antlr3basetreeadaptor.obj
c:\users\ap-ip\onedrive\рабочий стол\itmo\spo\lab1\c\x64\releasedll\antlr3bitset.obj
c:\users\ap-ip\onedrive\рабочий стол\itmo\spo\lab1\c\x64\releasedll\antlr3commontoken.obj
c:\users\ap-ip\onedrive\рабочий стол\itmo\spo\lab1\c\x64\releasedll\antlr3commontree.obj
c:\users\ap-ip\onedrive\рабочий стол\itmo\spo\lab1\c\x64\releasedll\antlr3commontreeadaptor.obj
c:\users\ap-ip\onedrive\рабочий стол\itmo\spo\lab1\c\x64\releasedll\antlr3commontreenodestream.obj
c:\users\ap-ip\onedrive\рабочий стол\itmo\spo\lab1\c\x64\releasedll\antlr3convertutf.obj
c:\users\ap-ip\onedrive\рабочий стол\itmo\spo\lab1\c\x64\releasedll\antlr3cyclicdfa.obj
c:\users\ap-ip\onedrive\рабочий стол\itmo\spo\lab1\c\x64\releasedll\antlr3debughandlers.obj
c:\users\ap-ip\onedrive\рабочий стол\itmo\spo\lab1\c\x64\releasedll\antlr3encodings.obj
c:\users\ap-ip\onedrive\рабочий стол\itmo\spo\lab1\c\x64\releasedll\antlr3exception.obj
c:\users\ap-ip\onedrive\рабочий стол\itmo\spo\lab1\c\x64\releasedll\antlr3filestream.obj
c:\users\ap-ip\onedrive\рабочий стол\itmo\spo\lab1\c\x64\releasedll\antlr3inputstream.obj
c:\users\ap-ip\onedrive\рабочий стол\itmo\spo\lab1\c\x64\releasedll\antlr3intstream.obj
c:\users\ap-ip\onedrive\рабочий стол\itmo\spo\lab1\c\x64\releasedll\antlr3lexer.obj
c:\users\ap-ip\onedrive\рабочий стол\itmo\spo\lab1\c\x64\releasedll\antlr3parser.obj
c:\users\ap-ip\onedrive\рабочий стол\itmo\spo\lab1\c\x64\releasedll\antlr3rewritestreams.obj
c:\users\ap-ip\onedrive\рабочий стол\itmo\spo\lab1\c\x64\releasedll\antlr3string.obj
c:\users\ap-ip\onedrive\рабочий стол\itmo\spo\lab1\c\x64\releasedll\antlr3tokenstream.obj
c:\users\ap-ip\onedrive\рабочий стол\itmo\spo\lab1\c\x64\releasedll\antlr3treeparser.obj
c:\users\ap-ip\onedrive\рабочий стол\itmo\spo\lab1\c\x64\releasedll\vc143.pdb
c:\users\ap-ip\onedrive\рабочий стол\itmo\spo\lab1\c\x64\releasedll\c.tlog\cl.command.1.tlog
