  antlr3baserecognizer.c
  antlr3basetree.c
  antlr3basetreeadaptor.c
  antlr3bitset.c
  antlr3collections.c
C:\Users\ap-ip\source\repos\SPOlab1 (Windows)\include\C\src\antlr3collections.c(1932,50): error C2220: the following warning is treated as an error
C:\Users\ap-ip\source\repos\SPOlab1 (Windows)\include\C\src\antlr3collections.c(1932,50): warning C4100: 'key': unreferenced formal parameter
  antlr3commontoken.c
  antlr3commontree.c
  antlr3commontreeadaptor.c
  antlr3commontreenodestream.c
  antlr3convertutf.c
  antlr3cyclicdfa.c
  antlr3debughandlers.c
  antlr3encodings.c
  antlr3exception.c
  antlr3filestream.c
  antlr3inputstream.c
  antlr3intstream.c
  antlr3lexer.c
  antlr3parser.c
  antlr3rewritestreams.c
  Compiling...
  antlr3string.c
  antlr3tokenstream.c
  antlr3treeparser.c
